<?xml version="1.0" encoding="UTF-8"?>
<testsuite name="checkingTextTest" tests="1" skipped="0" failures="0" errors="0" timestamp="2020-05-14T22:19:52" hostname="ADMIN-PC" time="42.36">
  <properties/>
  <testcase name="checkingText" classname="checkingTextTest" time="42.36"/>
  <system-out><![CDATA[Текст найден
]]></system-out>
  <system-err><![CDATA[SLF4J: Failed to load class "org.slf4j.impl.StaticLoggerBinder".
SLF4J: Defaulting to no-operation (NOP) logger implementation
SLF4J: See http://www.slf4j.org/codes.html#StaticLoggerBinder for further details.
Starting ChromeDriver 81.0.4044.138 (8c6c7ba89cc9453625af54f11fd83179e23450fa-refs/branch-heads/4044@{#999}) on port 13703
Only local connections are allowed.
Please protect ports used by ChromeDriver and related test frameworks to prevent access by malicious code.
мая 15, 2020 1:19:58 AM org.openqa.selenium.remote.ProtocolHandshake createSession
INFO: Detected dialect: W3C
[1589494800.373][SEVERE]: Timed out receiving message from renderer: 0.100
[1589494800.474][SEVERE]: Timed out receiving message from renderer: 0.100
[1589494800.928][SEVERE]: Timed out receiving message from renderer: 0.100
[1589494801.244][SEVERE]: Timed out receiving message from renderer: 0.100
[1589494801.374][SEVERE]: Timed out receiving message from renderer: 0.100
[1589494802.315][SEVERE]: Timed out receiving message from renderer: 0.100
[1589494802.717][SEVERE]: Timed out receiving message from renderer: 0.100
[1589494802.975][SEVERE]: Timed out receiving message from renderer: 0.100
[1589494803.129][SEVERE]: Timed out receiving message from renderer: 0.100
[1589494803.234][SEVERE]: Timed out receiving message from renderer: 0.100
[1589494803.444][SEVERE]: Timed out receiving message from renderer: 0.100
[1589494803.775][SEVERE]: Timed out receiving message from renderer: 0.100
[1589494803.878][SEVERE]: Timed out receiving message from renderer: 0.100
[1589494804.000][SEVERE]: Timed out receiving message from renderer: 0.100
[1589494804.102][SEVERE]: Timed out receiving message from renderer: 0.100
[1589494804.205][SEVERE]: Timed out receiving message from renderer: 0.100
[1589494804.309][SEVERE]: Timed out receiving message from renderer: 0.100
[1589494804.411][SEVERE]: Timed out receiving message from renderer: 0.100
[1589494804.517][SEVERE]: Timed out receiving message from renderer: 0.100
[1589494804.624][SEVERE]: Timed out receiving message from renderer: 0.100
[1589494804.864][SEVERE]: Timed out receiving message from renderer: 0.100
[1589494805.143][SEVERE]: Timed out receiving message from renderer: 0.100
[1589494805.268][SEVERE]: Timed out receiving message from renderer: 0.100
[1589494805.383][SEVERE]: Timed out receiving message from renderer: 0.100
[1589494805.502][SEVERE]: Timed out receiving message from renderer: 0.100
[1589494805.604][SEVERE]: Timed out receiving message from renderer: 0.100
[1589494805.707][SEVERE]: Timed out receiving message from renderer: 0.100
[1589494805.810][SEVERE]: Timed out receiving message from renderer: 0.100
[1589494806.039][SEVERE]: Timed out receiving message from renderer: 0.100
[1589494809.594][SEVERE]: Timed out receiving message from renderer: 0.100
[1589494810.131][SEVERE]: Timed out receiving message from renderer: 0.100
[1589494810.755][SEVERE]: Timed out receiving message from renderer: 0.100
[1589494810.885][SEVERE]: Timed out receiving message from renderer: 0.100
[1589494811.003][SEVERE]: Timed out receiving message from renderer: 0.100
[1589494811.196][SEVERE]: Timed out receiving message from renderer: 0.100
[1589494811.347][SEVERE]: Timed out receiving message from renderer: 0.100
[1589494811.458][SEVERE]: Timed out receiving message from renderer: 0.100
[1589494811.573][SEVERE]: Timed out receiving message from renderer: 0.100
[1589494811.676][SEVERE]: Timed out receiving message from renderer: 0.100
[1589494811.863][SEVERE]: Timed out receiving message from renderer: 0.100
[1589494815.138][SEVERE]: Timed out receiving message from renderer: 0.100
[1589494815.239][SEVERE]: Timed out receiving message from renderer: 0.100
[1589494815.341][SEVERE]: Timed out receiving message from renderer: 0.100
[1589494815.451][SEVERE]: Timed out receiving message from renderer: 0.100
[1589494815.564][SEVERE]: Timed out receiving message from renderer: 0.100
[1589494815.677][SEVERE]: Timed out receiving message from renderer: 0.100
[1589494818.637][SEVERE]: Timed out receiving message from renderer: 0.100
[1589494818.965][SEVERE]: Timed out receiving message from renderer: 0.100
[1589494826.716][SEVERE]: Timed out receiving message from renderer: 0.100
[1589494826.820][SEVERE]: Timed out receiving message from renderer: 0.100
[1589494826.925][SEVERE]: Timed out receiving message from renderer: 0.100
[1589494827.028][SEVERE]: Timed out receiving message from renderer: 0.100
[1589494827.130][SEVERE]: Timed out receiving message from renderer: 0.100
[1589494827.235][SEVERE]: Timed out receiving message from renderer: 0.100
[1589494827.342][SEVERE]: Timed out receiving message from renderer: 0.100
[1589494827.475][SEVERE]: Timed out receiving message from renderer: 0.100
[1589494827.577][SEVERE]: Timed out receiving message from renderer: 0.100
[1589494827.680][SEVERE]: Timed out receiving message from renderer: 0.100
[1589494827.824][SEVERE]: Timed out receiving message from renderer: 0.100
[1589494827.941][SEVERE]: Timed out receiving message from renderer: 0.100
[1589494828.080][SEVERE]: Timed out receiving message from renderer: 0.100
[1589494828.183][SEVERE]: Timed out receiving message from renderer: 0.100
[1589494828.291][SEVERE]: Timed out receiving message from renderer: 0.100
[1589494828.409][SEVERE]: Timed out receiving message from renderer: 0.100
[1589494828.581][SEVERE]: Timed out receiving message from renderer: 0.100
[1589494828.684][SEVERE]: Timed out receiving message from renderer: 0.100
[1589494828.788][SEVERE]: Timed out receiving message from renderer: 0.100
[1589494828.954][SEVERE]: Timed out receiving message from renderer: 0.100
[1589494829.057][SEVERE]: Timed out receiving message from renderer: 0.100
[1589494829.161][SEVERE]: Timed out receiving message from renderer: 0.100
[1589494829.275][SEVERE]: Timed out receiving message from renderer: 0.100
[1589494829.387][SEVERE]: Timed out receiving message from renderer: 0.100
[1589494829.494][SEVERE]: Timed out receiving message from renderer: 0.100
[1589494829.610][SEVERE]: Timed out receiving message from renderer: 0.100
[1589494829.714][SEVERE]: Timed out receiving message from renderer: 0.100
[1589494829.820][SEVERE]: Timed out receiving message from renderer: 0.100
[1589494829.960][SEVERE]: Timed out receiving message from renderer: 0.100
[1589494830.065][SEVERE]: Timed out receiving message from renderer: 0.100
[1589494830.167][SEVERE]: Timed out receiving message from renderer: 0.100
[1589494830.269][SEVERE]: Timed out receiving message from renderer: 0.100
[1589494830.379][SEVERE]: Timed out receiving message from renderer: 0.100
[1589494830.487][SEVERE]: Timed out receiving message from renderer: 0.100
[1589494830.594][SEVERE]: Timed out receiving message from renderer: 0.100
[1589494830.697][SEVERE]: Timed out receiving message from renderer: 0.100
[1589494830.799][SEVERE]: Timed out receiving message from renderer: 0.100
[1589494831.178][SEVERE]: Timed out receiving message from renderer: 0.100
[1589494831.288][SEVERE]: Timed out receiving message from renderer: 0.100
[1589494831.391][SEVERE]: Timed out receiving message from renderer: 0.100
[1589494831.493][SEVERE]: Timed out receiving message from renderer: 0.100
[1589494831.603][SEVERE]: Timed out receiving message from renderer: 0.100
[1589494831.706][SEVERE]: Timed out receiving message from renderer: 0.100
[1589494831.808][SEVERE]: Timed out receiving message from renderer: 0.100
[1589494831.915][SEVERE]: Timed out receiving message from renderer: 0.100
[1589494832.017][SEVERE]: Timed out receiving message from renderer: 0.100
[1589494832.120][SEVERE]: Timed out receiving message from renderer: 0.100
[1589494832.222][SEVERE]: Timed out receiving message from renderer: 0.100
[1589494832.329][SEVERE]: Timed out receiving message from renderer: 0.100
[1589494832.431][SEVERE]: Timed out receiving message from renderer: 0.100
[1589494832.536][SEVERE]: Timed out receiving message from renderer: 0.100
[1589494832.640][SEVERE]: Timed out receiving message from renderer: 0.100
[1589494832.749][SEVERE]: Timed out receiving message from renderer: 0.100
[1589494832.852][SEVERE]: Timed out receiving message from renderer: 0.100
[1589494832.968][SEVERE]: Timed out receiving message from renderer: 0.100
[1589494833.070][SEVERE]: Timed out receiving message from renderer: 0.100
[1589494833.174][SEVERE]: Timed out receiving message from renderer: 0.100
[1589494833.277][SEVERE]: Timed out receiving message from renderer: 0.100
]]></system-err>
</testsuite>
