<?xml version="1.0" encoding="UTF-8"?>
<testsuite name="checkingTextTest" tests="1" skipped="0" failures="0" errors="0" timestamp="2020-05-15T05:40:08" hostname="ADMIN-PC" time="49.494">
  <properties/>
  <testcase name="checkingText" classname="checkingTextTest" time="49.494"/>
  <system-out><![CDATA[Текст найден
]]></system-out>
  <system-err><![CDATA[SLF4J: Failed to load class "org.slf4j.impl.StaticLoggerBinder".
SLF4J: Defaulting to no-operation (NOP) logger implementation
SLF4J: See http://www.slf4j.org/codes.html#StaticLoggerBinder for further details.
Starting ChromeDriver 81.0.4044.138 (8c6c7ba89cc9453625af54f11fd83179e23450fa-refs/branch-heads/4044@{#999}) on port 5432
Only local connections are allowed.
Please protect ports used by ChromeDriver and related test frameworks to prevent access by malicious code.
мая 15, 2020 8:40:28 AM org.openqa.selenium.remote.ProtocolHandshake createSession
INFO: Detected dialect: W3C
[1589521230.424][SEVERE]: Timed out receiving message from renderer: 0.100
[1589521230.528][SEVERE]: Timed out receiving message from renderer: 0.100
[1589521230.636][SEVERE]: Timed out receiving message from renderer: 0.100
[1589521230.738][SEVERE]: Timed out receiving message from renderer: 0.100
[1589521230.842][SEVERE]: Timed out receiving message from renderer: 0.100
[1589521231.188][SEVERE]: Timed out receiving message from renderer: 0.100
[1589521231.735][SEVERE]: Timed out receiving message from renderer: 0.100
[1589521231.877][SEVERE]: Timed out receiving message from renderer: 0.100
[1589521231.982][SEVERE]: Timed out receiving message from renderer: 0.100
[1589521232.085][SEVERE]: Timed out receiving message from renderer: 0.100
[1589521232.187][SEVERE]: Timed out receiving message from renderer: 0.100
[1589521232.289][SEVERE]: Timed out receiving message from renderer: 0.100
[1589521232.392][SEVERE]: Timed out receiving message from renderer: 0.100
[1589521232.499][SEVERE]: Timed out receiving message from renderer: 0.100
[1589521232.603][SEVERE]: Timed out receiving message from renderer: 0.100
[1589521232.705][SEVERE]: Timed out receiving message from renderer: 0.100
[1589521233.642][SEVERE]: Timed out receiving message from renderer: 0.100
[1589521234.166][SEVERE]: Timed out receiving message from renderer: 0.100
[1589521234.302][SEVERE]: Timed out receiving message from renderer: 0.100
[1589521234.406][SEVERE]: Timed out receiving message from renderer: 0.100
[1589521234.511][SEVERE]: Timed out receiving message from renderer: 0.100
[1589521234.619][SEVERE]: Timed out receiving message from renderer: 0.100
[1589521234.724][SEVERE]: Timed out receiving message from renderer: 0.100
[1589521234.843][SEVERE]: Timed out receiving message from renderer: 0.100
[1589521234.945][SEVERE]: Timed out receiving message from renderer: 0.100
[1589521235.050][SEVERE]: Timed out receiving message from renderer: 0.100
[1589521235.209][SEVERE]: Timed out receiving message from renderer: 0.100
[1589521235.340][SEVERE]: Timed out receiving message from renderer: 0.100
[1589521235.498][SEVERE]: Timed out receiving message from renderer: 0.100
[1589521235.601][SEVERE]: Timed out receiving message from renderer: 0.100
[1589521235.704][SEVERE]: Timed out receiving message from renderer: 0.100
[1589521235.806][SEVERE]: Timed out receiving message from renderer: 0.100
[1589521235.919][SEVERE]: Timed out receiving message from renderer: 0.100
[1589521236.098][SEVERE]: Timed out receiving message from renderer: 0.100
[1589521238.159][SEVERE]: Timed out receiving message from renderer: 0.100
[1589521238.918][SEVERE]: Timed out receiving message from renderer: 0.100
[1589521239.226][SEVERE]: Timed out receiving message from renderer: 0.100
[1589521239.680][SEVERE]: Timed out receiving message from renderer: 0.100
[1589521239.910][SEVERE]: Timed out receiving message from renderer: 0.100
[1589521240.017][SEVERE]: Timed out receiving message from renderer: 0.100
[1589521240.171][SEVERE]: Timed out receiving message from renderer: 0.100
[1589521240.273][SEVERE]: Timed out receiving message from renderer: 0.100
[1589521240.383][SEVERE]: Timed out receiving message from renderer: 0.100
[1589521240.813][SEVERE]: Timed out receiving message from renderer: 0.100
[1589521240.917][SEVERE]: Timed out receiving message from renderer: 0.100
[1589521241.030][SEVERE]: Timed out receiving message from renderer: 0.100
[1589521241.184][SEVERE]: Timed out receiving message from renderer: 0.100
[1589521242.696][SEVERE]: Timed out receiving message from renderer: 0.100
[1589521242.805][SEVERE]: Timed out receiving message from renderer: 0.100
[1589521242.914][SEVERE]: Timed out receiving message from renderer: 0.100
[1589521243.027][SEVERE]: Timed out receiving message from renderer: 0.100
[1589521243.130][SEVERE]: Timed out receiving message from renderer: 0.100
[1589521243.232][SEVERE]: Timed out receiving message from renderer: 0.100
[1589521243.342][SEVERE]: Timed out receiving message from renderer: 0.100
[1589521243.491][SEVERE]: Timed out receiving message from renderer: 0.100
[1589521243.593][SEVERE]: Timed out receiving message from renderer: 0.100
[1589521243.704][SEVERE]: Timed out receiving message from renderer: 0.100
[1589521243.806][SEVERE]: Timed out receiving message from renderer: 0.100
[1589521243.911][SEVERE]: Timed out receiving message from renderer: 0.100
[1589521244.029][SEVERE]: Timed out receiving message from renderer: 0.100
[1589521244.157][SEVERE]: Timed out receiving message from renderer: 0.100
[1589521244.753][SEVERE]: Timed out receiving message from renderer: 0.100
[1589521244.859][SEVERE]: Timed out receiving message from renderer: 0.100
[1589521244.965][SEVERE]: Timed out receiving message from renderer: 0.100
[1589521245.067][SEVERE]: Timed out receiving message from renderer: 0.100
[1589521245.171][SEVERE]: Timed out receiving message from renderer: 0.100
[1589521245.438][SEVERE]: Timed out receiving message from renderer: 0.100
[1589521247.106][SEVERE]: Timed out receiving message from renderer: 0.100
[1589521247.263][SEVERE]: Timed out receiving message from renderer: 0.100
[1589521247.470][SEVERE]: Timed out receiving message from renderer: 0.100
[1589521247.579][SEVERE]: Timed out receiving message from renderer: 0.100
[1589521247.719][SEVERE]: Timed out receiving message from renderer: 0.100
[1589521247.828][SEVERE]: Timed out receiving message from renderer: 0.100
[1589521248.113][SEVERE]: Timed out receiving message from renderer: 0.100
[1589521248.312][SEVERE]: Timed out receiving message from renderer: 0.100
[1589521248.650][SEVERE]: Timed out receiving message from renderer: 0.100
[1589521248.762][SEVERE]: Timed out receiving message from renderer: 0.100
[1589521248.896][SEVERE]: Timed out receiving message from renderer: 0.100
[1589521249.011][SEVERE]: Timed out receiving message from renderer: 0.100
[1589521249.123][SEVERE]: Timed out receiving message from renderer: 0.100
[1589521249.229][SEVERE]: Timed out receiving message from renderer: 0.100
[1589521249.333][SEVERE]: Timed out receiving message from renderer: 0.100
[1589521249.440][SEVERE]: Timed out receiving message from renderer: 0.100
[1589521249.549][SEVERE]: Timed out receiving message from renderer: 0.100
[1589521249.651][SEVERE]: Timed out receiving message from renderer: 0.100
[1589521249.753][SEVERE]: Timed out receiving message from renderer: 0.100
[1589521249.864][SEVERE]: Timed out receiving message from renderer: 0.100
[1589521249.966][SEVERE]: Timed out receiving message from renderer: 0.100
]]></system-err>
</testsuite>
